<?xml version="1.0" encoding="UTF-8"?>
<!-- Generated by org.testng.reporters.JUnitXMLReporter -->
<testsuite hostname="Imtiaz" ignored="0" name="Free CRM App Test Cases" tests="11" failures="0" timestamp="07 Mar 2019 07:29:17 GMT" time="358.422" errors="0">
  <testcase name="loginPageTitleTest" time="0.04" classname="com.crm.qa.testcases.LoginPageTest"/>
  <testcase name="verifyHomePageTitleTest" time="0.022" classname="com.crm.qa.testcases.HomePageTest"/>
  <testcase name="verifyContactsPageLabel" time="0.179" classname="com.crm.qa.testcases.ContactsPageTest"/>
  <testcase name="login" time="7.188" classname="com.crm.qa.testcases.LoginPageTest"/>
  <testcase name="verifyUserNameTest" time="0.223" classname="com.crm.qa.testcases.HomePageTest"/>
  <testcase name="selectSingleContactsByName" time="0.3" classname="com.crm.qa.testcases.ContactsPageTest"/>
  <testcase name="verifyContactsLinkTest" time="1.294" classname="com.crm.qa.testcases.HomePageTest"/>
  <testcase name="selectMultipleContactsByName" time="0.566" classname="com.crm.qa.testcases.ContactsPageTest"/>
  <testcase name="validateCreateNewContactsTest" time="4.791" classname="com.crm.qa.testcases.ContactsPageTest"/>
  <testcase name="validateCreateNewContactsTest" time="4.263" classname="com.crm.qa.testcases.ContactsPageTest"/>
  <testcase name="validateCreateNewContactsTest" time="4.799" classname="com.crm.qa.testcases.ContactsPageTest"/>
</testsuite> <!-- Free CRM App Test Cases -->
